Watching for file changes with StatReloader
D:\BACKUP\Complete Projects\kilimall_ecommerce\backend\ecommerce\admin.py changed, reloading.
Watching for file changes with StatReloader
Not Found: /
Not Found: /favicon.ico
Internal Server Error: /admin/ecommerce/pickupstation/
Traceback (most recent call last):
  File "C:\Users\gadaf\AppData\Roaming\Python\Python314\site-packages\django\db\models\options.py", line 683, in get_field
    return self.fields_map[field_name]
           ~~~~~~~~~~~~~~~^^^^^^^^^^^^
KeyError: 'fee_display'

During handling of the above exception, another exception occurred:

Traceback (most recent call last):
  File "C:\Users\gadaf\AppData\Roaming\Python\Python314\site-packages\django\contrib\admin\utils.py", line 290, in lookup_field
    f = _get_non_gfk_field(opts, name)
  File "C:\Users\gadaf\AppData\Roaming\Python\Python314\site-packages\django\contrib\admin\utils.py", line 330, in _get_non_gfk_field
    field = opts.get_field(name)
  File "C:\Users\gadaf\AppData\Roaming\Python\Python314\site-packages\django\db\models\options.py", line 685, in get_field
    raise FieldDoesNotExist(
        "%s has no field named '%s'" % (self.object_name, field_name)
    )
django.core.exceptions.FieldDoesNotExist: PickupStation has no field named 'fee_display'

During handling of the above exception, another exception occurred:

Traceback (most recent call last):
  File "C:\Users\gadaf\AppData\Roaming\Python\Python314\site-packages\django\core\handlers\exception.py", line 55, in inner
    response = get_response(request)
  File "C:\Users\gadaf\AppData\Roaming\Python\Python314\site-packages\django\core\handlers\base.py", line 220, in _get_response
    response = response.render()
  File "C:\Users\gadaf\AppData\Roaming\Python\Python314\site-packages\django\template\response.py", line 114, in render
    self.content = self.rendered_content
                   ^^^^^^^^^^^^^^^^^^^^^
  File "C:\Users\gadaf\AppData\Roaming\Python\Python314\site-packages\django\template\response.py", line 92, in rendered_content
    return template.render(context, self._request)
           ~~~~~~~~~~~~~~~^^^^^^^^^^^^^^^^^^^^^^^^
  File "C:\Users\gadaf\AppData\Roaming\Python\Python314\site-packages\django\template\backends\django.py", line 107, in render
    return self.template.render(context)
           ~~~~~~~~~~~~~~~~~~~~^^^^^^^^^
  File "C:\Users\gadaf\AppData\Roaming\Python\Python314\site-packages\django\template\base.py", line 172, in render
    return self._render(context)
           ~~~~~~~~~~~~^^^^^^^^^
  File "C:\Users\gadaf\AppData\Roaming\Python\Python314\site-packages\django\template\base.py", line 164, in _render
    return self.nodelist.render(context)
           ~~~~~~~~~~~~~~~~~~~~^^^^^^^^^
  File "C:\Users\gadaf\AppData\Roaming\Python\Python314\site-packages\django\template\base.py", line 1018, in render
    return SafeString("".join([node.render_annotated(context) for node in self]))
                               ~~~~~~~~~~~~~~~~~~~~~^^^^^^^^^
  File "C:\Users\gadaf\AppData\Roaming\Python\Python314\site-packages\django\template\base.py", line 979, in render_annotated
    return self.render(context)
           ~~~~~~~~~~~^^^^^^^^^
  File "C:\Users\gadaf\AppData\Roaming\Python\Python314\site-packages\django\template\loader_tags.py", line 159, in render
    return compiled_parent._render(context)
           ~~~~~~~~~~~~~~~~~~~~~~~^^^^^^^^^
  File "C:\Users\gadaf\AppData\Roaming\Python\Python314\site-packages\django\template\base.py", line 164, in _render
    return self.nodelist.render(context)
           ~~~~~~~~~~~~~~~~~~~~^^^^^^^^^
  File "C:\Users\gadaf\AppData\Roaming\Python\Python314\site-packages\django\template\base.py", line 1018, in render
    return SafeString("".join([node.render_annotated(context) for node in self]))
                               ~~~~~~~~~~~~~~~~~~~~~^^^^^^^^^
  File "C:\Users\gadaf\AppData\Roaming\Python\Python314\site-packages\django\template\base.py", line 979, in render_annotated
    return self.render(context)
           ~~~~~~~~~~~^^^^^^^^^
  File "C:\Users\gadaf\AppData\Roaming\Python\Python314\site-packages\django\template\loader_tags.py", line 159, in render
    return compiled_parent._render(context)
           ~~~~~~~~~~~~~~~~~~~~~~~^^^^^^^^^
  File "C:\Users\gadaf\AppData\Roaming\Python\Python314\site-packages\django\template\base.py", line 164, in _render
    return self.nodelist.render(context)
           ~~~~~~~~~~~~~~~~~~~~^^^^^^^^^
  File "C:\Users\gadaf\AppData\Roaming\Python\Python314\site-packages\django\template\base.py", line 1018, in render
    return SafeString("".join([node.render_annotated(context) for node in self]))
                               ~~~~~~~~~~~~~~~~~~~~~^^^^^^^^^
  File "C:\Users\gadaf\AppData\Roaming\Python\Python314\site-packages\django\template\base.py", line 979, in render_annotated
    return self.render(context)
           ~~~~~~~~~~~^^^^^^^^^
  File "C:\Users\gadaf\AppData\Roaming\Python\Python314\site-packages\django\template\loader_tags.py", line 65, in render
    result = block.nodelist.render(context)
  File "C:\Users\gadaf\AppData\Roaming\Python\Python314\site-packages\django\template\base.py", line 1018, in render
    return SafeString("".join([node.render_annotated(context) for node in self]))
                               ~~~~~~~~~~~~~~~~~~~~~^^^^^^^^^
  File "C:\Users\gadaf\AppData\Roaming\Python\Python314\site-packages\django\template\base.py", line 979, in render_annotated
    return self.render(context)
           ~~~~~~~~~~~^^^^^^^^^
  File "C:\Users\gadaf\AppData\Roaming\Python\Python314\site-packages\django\template\loader_tags.py", line 65, in render
    result = block.nodelist.render(context)
  File "C:\Users\gadaf\AppData\Roaming\Python\Python314\site-packages\django\template\base.py", line 1018, in render
    return SafeString("".join([node.render_annotated(context) for node in self]))
                               ~~~~~~~~~~~~~~~~~~~~~^^^^^^^^^
  File "C:\Users\gadaf\AppData\Roaming\Python\Python314\site-packages\django\template\base.py", line 979, in render_annotated
    return self.render(context)
           ~~~~~~~~~~~^^^^^^^^^
  File "C:\Users\gadaf\AppData\Roaming\Python\Python314\site-packages\django\contrib\admin\templatetags\base.py", line 47, in render
    return super().render(context)
           ~~~~~~~~~~~~~~^^^^^^^^^
  File "C:\Users\gadaf\AppData\Roaming\Python\Python314\site-packages\django\template\library.py", line 362, in render
    _dict = self.func(*resolved_args, **resolved_kwargs)
  File "C:\Users\gadaf\AppData\Roaming\Python\Python314\site-packages\django\contrib\admin\templatetags\admin_list.py", line 354, in result_list
    "results": list(results(cl)),
               ~~~~^^^^^^^^^^^^^
  File "C:\Users\gadaf\AppData\Roaming\Python\Python314\site-packages\django\contrib\admin\templatetags\admin_list.py", line 327, in results
    yield ResultList(form, items_for_result(cl, res, form))
          ~~~~~~~~~~^^^^^^^^^^^^^^^^^^^^^^^^^^^^^^^^^^^^^^^
  File "C:\Users\gadaf\AppData\Roaming\Python\Python314\site-packages\django\contrib\admin\templatetags\admin_list.py", line 321, in __init__
    super().__init__(*items)
    ~~~~~~~~~~~~~~~~^^^^^^^^
  File "C:\Users\gadaf\AppData\Roaming\Python\Python314\site-packages\django\contrib\admin\templatetags\admin_list.py", line 219, in items_for_result
    f, attr, value = lookup_field(field_name, result, cl.model_admin)
                     ~~~~~~~~~~~~^^^^^^^^^^^^^^^^^^^^^^^^^^^^^^^^^^^^
  File "C:\Users\gadaf\AppData\Roaming\Python\Python314\site-packages\django\contrib\admin\utils.py", line 299, in lookup_field
    value = attr(obj)
  File "D:\BACKUP\Complete Projects\kilimall_ecommerce\backend\ecommerce\admin.py", line 271, in fee_display
    return format_html('<b style="color:#f85606">KES {:,}</b>', int(obj.delivery_fee))
  File "C:\Users\gadaf\AppData\Roaming\Python\Python314\site-packages\django\utils\html.py", line 145, in format_html
    return mark_safe(format_string.format(*args_safe, **kwargs_safe))
                     ~~~~~~~~~~~~~~~~~~~~^^^^^^^^^^^^^^^^^^^^^^^^^^^
ValueError: Cannot specify ',' with 's'.
Internal Server Error: /admin/ecommerce/pickupstation/
Traceback (most recent call last):
  File "C:\Users\gadaf\AppData\Roaming\Python\Python314\site-packages\django\db\models\options.py", line 683, in get_field
    return self.fields_map[field_name]
           ~~~~~~~~~~~~~~~^^^^^^^^^^^^
KeyError: 'fee_display'

During handling of the above exception, another exception occurred:

Traceback (most recent call last):
  File "C:\Users\gadaf\AppData\Roaming\Python\Python314\site-packages\django\contrib\admin\utils.py", line 290, in lookup_field
    f = _get_non_gfk_field(opts, name)
  File "C:\Users\gadaf\AppData\Roaming\Python\Python314\site-packages\django\contrib\admin\utils.py", line 330, in _get_non_gfk_field
    field = opts.get_field(name)
  File "C:\Users\gadaf\AppData\Roaming\Python\Python314\site-packages\django\db\models\options.py", line 685, in get_field
    raise FieldDoesNotExist(
        "%s has no field named '%s'" % (self.object_name, field_name)
    )
django.core.exceptions.FieldDoesNotExist: PickupStation has no field named 'fee_display'

During handling of the above exception, another exception occurred:

Traceback (most recent call last):
  File "C:\Users\gadaf\AppData\Roaming\Python\Python314\site-packages\django\core\handlers\exception.py", line 55, in inner
    response = get_response(request)
  File "C:\Users\gadaf\AppData\Roaming\Python\Python314\site-packages\django\core\handlers\base.py", line 220, in _get_response
    response = response.render()
  File "C:\Users\gadaf\AppData\Roaming\Python\Python314\site-packages\django\template\response.py", line 114, in render
    self.content = self.rendered_content
                   ^^^^^^^^^^^^^^^^^^^^^
  File "C:\Users\gadaf\AppData\Roaming\Python\Python314\site-packages\django\template\response.py", line 92, in rendered_content
    return template.render(context, self._request)
           ~~~~~~~~~~~~~~~^^^^^^^^^^^^^^^^^^^^^^^^
  File "C:\Users\gadaf\AppData\Roaming\Python\Python314\site-packages\django\template\backends\django.py", line 107, in render
    return self.template.render(context)
           ~~~~~~~~~~~~~~~~~~~~^^^^^^^^^
  File "C:\Users\gadaf\AppData\Roaming\Python\Python314\site-packages\django\template\base.py", line 172, in render
    return self._render(context)
           ~~~~~~~~~~~~^^^^^^^^^
  File "C:\Users\gadaf\AppData\Roaming\Python\Python314\site-packages\django\template\base.py", line 164, in _render
    return self.nodelist.render(context)
           ~~~~~~~~~~~~~~~~~~~~^^^^^^^^^
  File "C:\Users\gadaf\AppData\Roaming\Python\Python314\site-packages\django\template\base.py", line 1018, in render
    return SafeString("".join([node.render_annotated(context) for node in self]))
                               ~~~~~~~~~~~~~~~~~~~~~^^^^^^^^^
  File "C:\Users\gadaf\AppData\Roaming\Python\Python314\site-packages\django\template\base.py", line 979, in render_annotated
    return self.render(context)
           ~~~~~~~~~~~^^^^^^^^^
  File "C:\Users\gadaf\AppData\Roaming\Python\Python314\site-packages\django\template\loader_tags.py", line 159, in render
    return compiled_parent._render(context)
           ~~~~~~~~~~~~~~~~~~~~~~~^^^^^^^^^
  File "C:\Users\gadaf\AppData\Roaming\Python\Python314\site-packages\django\template\base.py", line 164, in _render
    return self.nodelist.render(context)
           ~~~~~~~~~~~~~~~~~~~~^^^^^^^^^
  File "C:\Users\gadaf\AppData\Roaming\Python\Python314\site-packages\django\template\base.py", line 1018, in render
    return SafeString("".join([node.render_annotated(context) for node in self]))
                               ~~~~~~~~~~~~~~~~~~~~~^^^^^^^^^
  File "C:\Users\gadaf\AppData\Roaming\Python\Python314\site-packages\django\template\base.py", line 979, in render_annotated
    return self.render(context)
           ~~~~~~~~~~~^^^^^^^^^
  File "C:\Users\gadaf\AppData\Roaming\Python\Python314\site-packages\django\template\loader_tags.py", line 159, in render
    return compiled_parent._render(context)
           ~~~~~~~~~~~~~~~~~~~~~~~^^^^^^^^^
  File "C:\Users\gadaf\AppData\Roaming\Python\Python314\site-packages\django\template\base.py", line 164, in _render
    return self.nodelist.render(context)
           ~~~~~~~~~~~~~~~~~~~~^^^^^^^^^
  File "C:\Users\gadaf\AppData\Roaming\Python\Python314\site-packages\django\template\base.py", line 1018, in render
    return SafeString("".join([node.render_annotated(context) for node in self]))
                               ~~~~~~~~~~~~~~~~~~~~~^^^^^^^^^
  File "C:\Users\gadaf\AppData\Roaming\Python\Python314\site-packages\django\template\base.py", line 979, in render_annotated
    return self.render(context)
           ~~~~~~~~~~~^^^^^^^^^
  File "C:\Users\gadaf\AppData\Roaming\Python\Python314\site-packages\django\template\loader_tags.py", line 65, in render
    result = block.nodelist.render(context)
  File "C:\Users\gadaf\AppData\Roaming\Python\Python314\site-packages\django\template\base.py", line 1018, in render
    return SafeString("".join([node.render_annotated(context) for node in self]))
                               ~~~~~~~~~~~~~~~~~~~~~^^^^^^^^^
  File "C:\Users\gadaf\AppData\Roaming\Python\Python314\site-packages\django\template\base.py", line 979, in render_annotated
    return self.render(context)
           ~~~~~~~~~~~^^^^^^^^^
  File "C:\Users\gadaf\AppData\Roaming\Python\Python314\site-packages\django\template\loader_tags.py", line 65, in render
    result = block.nodelist.render(context)
  File "C:\Users\gadaf\AppData\Roaming\Python\Python314\site-packages\django\template\base.py", line 1018, in render
    return SafeString("".join([node.render_annotated(context) for node in self]))
                               ~~~~~~~~~~~~~~~~~~~~~^^^^^^^^^
  File "C:\Users\gadaf\AppData\Roaming\Python\Python314\site-packages\django\template\base.py", line 979, in render_annotated
    return self.render(context)
           ~~~~~~~~~~~^^^^^^^^^
  File "C:\Users\gadaf\AppData\Roaming\Python\Python314\site-packages\django\contrib\admin\templatetags\base.py", line 47, in render
    return super().render(context)
           ~~~~~~~~~~~~~~^^^^^^^^^
  File "C:\Users\gadaf\AppData\Roaming\Python\Python314\site-packages\django\template\library.py", line 362, in render
    _dict = self.func(*resolved_args, **resolved_kwargs)
  File "C:\Users\gadaf\AppData\Roaming\Python\Python314\site-packages\django\contrib\admin\templatetags\admin_list.py", line 354, in result_list
    "results": list(results(cl)),
               ~~~~^^^^^^^^^^^^^
  File "C:\Users\gadaf\AppData\Roaming\Python\Python314\site-packages\django\contrib\admin\templatetags\admin_list.py", line 327, in results
    yield ResultList(form, items_for_result(cl, res, form))
          ~~~~~~~~~~^^^^^^^^^^^^^^^^^^^^^^^^^^^^^^^^^^^^^^^
  File "C:\Users\gadaf\AppData\Roaming\Python\Python314\site-packages\django\contrib\admin\templatetags\admin_list.py", line 321, in __init__
    super().__init__(*items)
    ~~~~~~~~~~~~~~~~^^^^^^^^
  File "C:\Users\gadaf\AppData\Roaming\Python\Python314\site-packages\django\contrib\admin\templatetags\admin_list.py", line 219, in items_for_result
    f, attr, value = lookup_field(field_name, result, cl.model_admin)
                     ~~~~~~~~~~~~^^^^^^^^^^^^^^^^^^^^^^^^^^^^^^^^^^^^
  File "C:\Users\gadaf\AppData\Roaming\Python\Python314\site-packages\django\contrib\admin\utils.py", line 299, in lookup_field
    value = attr(obj)
  File "D:\BACKUP\Complete Projects\kilimall_ecommerce\backend\ecommerce\admin.py", line 271, in fee_display
    return format_html('<b style="color:#f85606">KES {:,}</b>', int(obj.delivery_fee))
  File "C:\Users\gadaf\AppData\Roaming\Python\Python314\site-packages\django\utils\html.py", line 145, in format_html
    return mark_safe(format_string.format(*args_safe, **kwargs_safe))
                     ~~~~~~~~~~~~~~~~~~~~^^^^^^^^^^^^^^^^^^^^^^^^^^^
ValueError: Cannot specify ',' with 's'.
Internal Server Error: /admin/ecommerce/product/
Traceback (most recent call last):
  File "C:\Users\gadaf\AppData\Roaming\Python\Python314\site-packages\django\db\models\options.py", line 683, in get_field
    return self.fields_map[field_name]
           ~~~~~~~~~~~~~~~^^^^^^^^^^^^
KeyError: 'price_display'

During handling of the above exception, another exception occurred:

Traceback (most recent call last):
  File "C:\Users\gadaf\AppData\Roaming\Python\Python314\site-packages\django\contrib\admin\utils.py", line 290, in lookup_field
    f = _get_non_gfk_field(opts, name)
  File "C:\Users\gadaf\AppData\Roaming\Python\Python314\site-packages\django\contrib\admin\utils.py", line 330, in _get_non_gfk_field
    field = opts.get_field(name)
  File "C:\Users\gadaf\AppData\Roaming\Python\Python314\site-packages\django\db\models\options.py", line 685, in get_field
    raise FieldDoesNotExist(
        "%s has no field named '%s'" % (self.object_name, field_name)
    )
django.core.exceptions.FieldDoesNotExist: Product has no field named 'price_display'

During handling of the above exception, another exception occurred:

Traceback (most recent call last):
  File "C:\Users\gadaf\AppData\Roaming\Python\Python314\site-packages\django\core\handlers\exception.py", line 55, in inner
    response = get_response(request)
  File "C:\Users\gadaf\AppData\Roaming\Python\Python314\site-packages\django\core\handlers\base.py", line 220, in _get_response
    response = response.render()
  File "C:\Users\gadaf\AppData\Roaming\Python\Python314\site-packages\django\template\response.py", line 114, in render
    self.content = self.rendered_content
                   ^^^^^^^^^^^^^^^^^^^^^
  File "C:\Users\gadaf\AppData\Roaming\Python\Python314\site-packages\django\template\response.py", line 92, in rendered_content
    return template.render(context, self._request)
           ~~~~~~~~~~~~~~~^^^^^^^^^^^^^^^^^^^^^^^^
  File "C:\Users\gadaf\AppData\Roaming\Python\Python314\site-packages\django\template\backends\django.py", line 107, in render
    return self.template.render(context)
           ~~~~~~~~~~~~~~~~~~~~^^^^^^^^^
  File "C:\Users\gadaf\AppData\Roaming\Python\Python314\site-packages\django\template\base.py", line 172, in render
    return self._render(context)
           ~~~~~~~~~~~~^^^^^^^^^
  File "C:\Users\gadaf\AppData\Roaming\Python\Python314\site-packages\django\template\base.py", line 164, in _render
    return self.nodelist.render(context)
           ~~~~~~~~~~~~~~~~~~~~^^^^^^^^^
  File "C:\Users\gadaf\AppData\Roaming\Python\Python314\site-packages\django\template\base.py", line 1018, in render
    return SafeString("".join([node.render_annotated(context) for node in self]))
                               ~~~~~~~~~~~~~~~~~~~~~^^^^^^^^^
  File "C:\Users\gadaf\AppData\Roaming\Python\Python314\site-packages\django\template\base.py", line 979, in render_annotated
    return self.render(context)
           ~~~~~~~~~~~^^^^^^^^^
  File "C:\Users\gadaf\AppData\Roaming\Python\Python314\site-packages\django\template\loader_tags.py", line 159, in render
    return compiled_parent._render(context)
           ~~~~~~~~~~~~~~~~~~~~~~~^^^^^^^^^
  File "C:\Users\gadaf\AppData\Roaming\Python\Python314\site-packages\django\template\base.py", line 164, in _render
    return self.nodelist.render(context)
           ~~~~~~~~~~~~~~~~~~~~^^^^^^^^^
  File "C:\Users\gadaf\AppData\Roaming\Python\Python314\site-packages\django\template\base.py", line 1018, in render
    return SafeString("".join([node.render_annotated(context) for node in self]))
                               ~~~~~~~~~~~~~~~~~~~~~^^^^^^^^^
  File "C:\Users\gadaf\AppData\Roaming\Python\Python314\site-packages\django\template\base.py", line 979, in render_annotated
    return self.render(context)
           ~~~~~~~~~~~^^^^^^^^^
  File "C:\Users\gadaf\AppData\Roaming\Python\Python314\site-packages\django\template\loader_tags.py", line 159, in render
    return compiled_parent._render(context)
           ~~~~~~~~~~~~~~~~~~~~~~~^^^^^^^^^
  File "C:\Users\gadaf\AppData\Roaming\Python\Python314\site-packages\django\template\base.py", line 164, in _render
    return self.nodelist.render(context)
           ~~~~~~~~~~~~~~~~~~~~^^^^^^^^^
  File "C:\Users\gadaf\AppData\Roaming\Python\Python314\site-packages\django\template\base.py", line 1018, in render
    return SafeString("".join([node.render_annotated(context) for node in self]))
                               ~~~~~~~~~~~~~~~~~~~~~^^^^^^^^^
  File "C:\Users\gadaf\AppData\Roaming\Python\Python314\site-packages\django\template\base.py", line 979, in render_annotated
    return self.render(context)
           ~~~~~~~~~~~^^^^^^^^^
  File "C:\Users\gadaf\AppData\Roaming\Python\Python314\site-packages\django\template\loader_tags.py", line 65, in render
    result = block.nodelist.render(context)
  File "C:\Users\gadaf\AppData\Roaming\Python\Python314\site-packages\django\template\base.py", line 1018, in render
    return SafeString("".join([node.render_annotated(context) for node in self]))
                               ~~~~~~~~~~~~~~~~~~~~~^^^^^^^^^
  File "C:\Users\gadaf\AppData\Roaming\Python\Python314\site-packages\django\template\base.py", line 979, in render_annotated
    return self.render(context)
           ~~~~~~~~~~~^^^^^^^^^
  File "C:\Users\gadaf\AppData\Roaming\Python\Python314\site-packages\django\template\loader_tags.py", line 65, in render
    result = block.nodelist.render(context)
  File "C:\Users\gadaf\AppData\Roaming\Python\Python314\site-packages\django\template\base.py", line 1018, in render
    return SafeString("".join([node.render_annotated(context) for node in self]))
                               ~~~~~~~~~~~~~~~~~~~~~^^^^^^^^^
  File "C:\Users\gadaf\AppData\Roaming\Python\Python314\site-packages\django\template\base.py", line 979, in render_annotated
    return self.render(context)
           ~~~~~~~~~~~^^^^^^^^^
  File "C:\Users\gadaf\AppData\Roaming\Python\Python314\site-packages\django\contrib\admin\templatetags\base.py", line 47, in render
    return super().render(context)
           ~~~~~~~~~~~~~~^^^^^^^^^
  File "C:\Users\gadaf\AppData\Roaming\Python\Python314\site-packages\django\template\library.py", line 362, in render
    _dict = self.func(*resolved_args, **resolved_kwargs)
  File "C:\Users\gadaf\AppData\Roaming\Python\Python314\site-packages\django\contrib\admin\templatetags\admin_list.py", line 354, in result_list
    "results": list(results(cl)),
               ~~~~^^^^^^^^^^^^^
  File "C:\Users\gadaf\AppData\Roaming\Python\Python314\site-packages\django\contrib\admin\templatetags\admin_list.py", line 327, in results
    yield ResultList(form, items_for_result(cl, res, form))
          ~~~~~~~~~~^^^^^^^^^^^^^^^^^^^^^^^^^^^^^^^^^^^^^^^
  File "C:\Users\gadaf\AppData\Roaming\Python\Python314\site-packages\django\contrib\admin\templatetags\admin_list.py", line 321, in __init__
    super().__init__(*items)
    ~~~~~~~~~~~~~~~~^^^^^^^^
  File "C:\Users\gadaf\AppData\Roaming\Python\Python314\site-packages\django\contrib\admin\templatetags\admin_list.py", line 219, in items_for_result
    f, attr, value = lookup_field(field_name, result, cl.model_admin)
                     ~~~~~~~~~~~~^^^^^^^^^^^^^^^^^^^^^^^^^^^^^^^^^^^^
  File "C:\Users\gadaf\AppData\Roaming\Python\Python314\site-packages\django\contrib\admin\utils.py", line 299, in lookup_field
    value = attr(obj)
  File "D:\BACKUP\Complete Projects\kilimall_ecommerce\backend\ecommerce\admin.py", line 173, in price_display
    return format_html(
        '<span style="color:#f85606;font-weight:700">KES {:,}</span>'
    ...<2 lines>...
        int(obj.price), int(obj.original_price), obj.discount_percent
    )
  File "C:\Users\gadaf\AppData\Roaming\Python\Python314\site-packages\django\utils\html.py", line 145, in format_html
    return mark_safe(format_string.format(*args_safe, **kwargs_safe))
                     ~~~~~~~~~~~~~~~~~~~~^^^^^^^^^^^^^^^^^^^^^^^^^^^
ValueError: Cannot specify ',' with 's'.
Internal Server Error: /admin/ecommerce/product/
Traceback (most recent call last):
  File "C:\Users\gadaf\AppData\Roaming\Python\Python314\site-packages\django\db\models\options.py", line 683, in get_field
    return self.fields_map[field_name]
           ~~~~~~~~~~~~~~~^^^^^^^^^^^^
KeyError: 'price_display'

During handling of the above exception, another exception occurred:

Traceback (most recent call last):
  File "C:\Users\gadaf\AppData\Roaming\Python\Python314\site-packages\django\contrib\admin\utils.py", line 290, in lookup_field
    f = _get_non_gfk_field(opts, name)
  File "C:\Users\gadaf\AppData\Roaming\Python\Python314\site-packages\django\contrib\admin\utils.py", line 330, in _get_non_gfk_field
    field = opts.get_field(name)
  File "C:\Users\gadaf\AppData\Roaming\Python\Python314\site-packages\django\db\models\options.py", line 685, in get_field
    raise FieldDoesNotExist(
        "%s has no field named '%s'" % (self.object_name, field_name)
    )
django.core.exceptions.FieldDoesNotExist: Product has no field named 'price_display'

During handling of the above exception, another exception occurred:

Traceback (most recent call last):
  File "C:\Users\gadaf\AppData\Roaming\Python\Python314\site-packages\django\core\handlers\exception.py", line 55, in inner
    response = get_response(request)
  File "C:\Users\gadaf\AppData\Roaming\Python\Python314\site-packages\django\core\handlers\base.py", line 220, in _get_response
    response = response.render()
  File "C:\Users\gadaf\AppData\Roaming\Python\Python314\site-packages\django\template\response.py", line 114, in render
    self.content = self.rendered_content
                   ^^^^^^^^^^^^^^^^^^^^^
  File "C:\Users\gadaf\AppData\Roaming\Python\Python314\site-packages\django\template\response.py", line 92, in rendered_content
    return template.render(context, self._request)
           ~~~~~~~~~~~~~~~^^^^^^^^^^^^^^^^^^^^^^^^
  File "C:\Users\gadaf\AppData\Roaming\Python\Python314\site-packages\django\template\backends\django.py", line 107, in render
    return self.template.render(context)
           ~~~~~~~~~~~~~~~~~~~~^^^^^^^^^
  File "C:\Users\gadaf\AppData\Roaming\Python\Python314\site-packages\django\template\base.py", line 172, in render
    return self._render(context)
           ~~~~~~~~~~~~^^^^^^^^^
  File "C:\Users\gadaf\AppData\Roaming\Python\Python314\site-packages\django\template\base.py", line 164, in _render
    return self.nodelist.render(context)
           ~~~~~~~~~~~~~~~~~~~~^^^^^^^^^
  File "C:\Users\gadaf\AppData\Roaming\Python\Python314\site-packages\django\template\base.py", line 1018, in render
    return SafeString("".join([node.render_annotated(context) for node in self]))
                               ~~~~~~~~~~~~~~~~~~~~~^^^^^^^^^
  File "C:\Users\gadaf\AppData\Roaming\Python\Python314\site-packages\django\template\base.py", line 979, in render_annotated
    return self.render(context)
           ~~~~~~~~~~~^^^^^^^^^
  File "C:\Users\gadaf\AppData\Roaming\Python\Python314\site-packages\django\template\loader_tags.py", line 159, in render
    return compiled_parent._render(context)
           ~~~~~~~~~~~~~~~~~~~~~~~^^^^^^^^^
  File "C:\Users\gadaf\AppData\Roaming\Python\Python314\site-packages\django\template\base.py", line 164, in _render
    return self.nodelist.render(context)
           ~~~~~~~~~~~~~~~~~~~~^^^^^^^^^
  File "C:\Users\gadaf\AppData\Roaming\Python\Python314\site-packages\django\template\base.py", line 1018, in render
    return SafeString("".join([node.render_annotated(context) for node in self]))
                               ~~~~~~~~~~~~~~~~~~~~~^^^^^^^^^
  File "C:\Users\gadaf\AppData\Roaming\Python\Python314\site-packages\django\template\base.py", line 979, in render_annotated
    return self.render(context)
           ~~~~~~~~~~~^^^^^^^^^
  File "C:\Users\gadaf\AppData\Roaming\Python\Python314\site-packages\django\template\loader_tags.py", line 159, in render
    return compiled_parent._render(context)
           ~~~~~~~~~~~~~~~~~~~~~~~^^^^^^^^^
  File "C:\Users\gadaf\AppData\Roaming\Python\Python314\site-packages\django\template\base.py", line 164, in _render
    return self.nodelist.render(context)
           ~~~~~~~~~~~~~~~~~~~~^^^^^^^^^
  File "C:\Users\gadaf\AppData\Roaming\Python\Python314\site-packages\django\template\base.py", line 1018, in render
    return SafeString("".join([node.render_annotated(context) for node in self]))
                               ~~~~~~~~~~~~~~~~~~~~~^^^^^^^^^
  File "C:\Users\gadaf\AppData\Roaming\Python\Python314\site-packages\django\template\base.py", line 979, in render_annotated
    return self.render(context)
           ~~~~~~~~~~~^^^^^^^^^
  File "C:\Users\gadaf\AppData\Roaming\Python\Python314\site-packages\django\template\loader_tags.py", line 65, in render
    result = block.nodelist.render(context)
  File "C:\Users\gadaf\AppData\Roaming\Python\Python314\site-packages\django\template\base.py", line 1018, in render
    return SafeString("".join([node.render_annotated(context) for node in self]))
                               ~~~~~~~~~~~~~~~~~~~~~^^^^^^^^^
  File "C:\Users\gadaf\AppData\Roaming\Python\Python314\site-packages\django\template\base.py", line 979, in render_annotated
    return self.render(context)
           ~~~~~~~~~~~^^^^^^^^^
  File "C:\Users\gadaf\AppData\Roaming\Python\Python314\site-packages\django\template\loader_tags.py", line 65, in render
    result = block.nodelist.render(context)
  File "C:\Users\gadaf\AppData\Roaming\Python\Python314\site-packages\django\template\base.py", line 1018, in render
    return SafeString("".join([node.render_annotated(context) for node in self]))
                               ~~~~~~~~~~~~~~~~~~~~~^^^^^^^^^
  File "C:\Users\gadaf\AppData\Roaming\Python\Python314\site-packages\django\template\base.py", line 979, in render_annotated
    return self.render(context)
           ~~~~~~~~~~~^^^^^^^^^
  File "C:\Users\gadaf\AppData\Roaming\Python\Python314\site-packages\django\contrib\admin\templatetags\base.py", line 47, in render
    return super().render(context)
           ~~~~~~~~~~~~~~^^^^^^^^^
  File "C:\Users\gadaf\AppData\Roaming\Python\Python314\site-packages\django\template\library.py", line 362, in render
    _dict = self.func(*resolved_args, **resolved_kwargs)
  File "C:\Users\gadaf\AppData\Roaming\Python\Python314\site-packages\django\contrib\admin\templatetags\admin_list.py", line 354, in result_list
    "results": list(results(cl)),
               ~~~~^^^^^^^^^^^^^
  File "C:\Users\gadaf\AppData\Roaming\Python\Python314\site-packages\django\contrib\admin\templatetags\admin_list.py", line 327, in results
    yield ResultList(form, items_for_result(cl, res, form))
          ~~~~~~~~~~^^^^^^^^^^^^^^^^^^^^^^^^^^^^^^^^^^^^^^^
  File "C:\Users\gadaf\AppData\Roaming\Python\Python314\site-packages\django\contrib\admin\templatetags\admin_list.py", line 321, in __init__
    super().__init__(*items)
    ~~~~~~~~~~~~~~~~^^^^^^^^
  File "C:\Users\gadaf\AppData\Roaming\Python\Python314\site-packages\django\contrib\admin\templatetags\admin_list.py", line 219, in items_for_result
    f, attr, value = lookup_field(field_name, result, cl.model_admin)
                     ~~~~~~~~~~~~^^^^^^^^^^^^^^^^^^^^^^^^^^^^^^^^^^^^
  File "C:\Users\gadaf\AppData\Roaming\Python\Python314\site-packages\django\contrib\admin\utils.py", line 299, in lookup_field
    value = attr(obj)
  File "D:\BACKUP\Complete Projects\kilimall_ecommerce\backend\ecommerce\admin.py", line 173, in price_display
    return format_html(
        '<span style="color:#f85606;font-weight:700">KES {:,}</span>'
    ...<2 lines>...
        int(obj.price), int(obj.original_price), obj.discount_percent
    )
  File "C:\Users\gadaf\AppData\Roaming\Python\Python314\site-packages\django\utils\html.py", line 145, in format_html
    return mark_safe(format_string.format(*args_safe, **kwargs_safe))
                     ~~~~~~~~~~~~~~~~~~~~^^^^^^^^^^^^^^^^^^^^^^^^^^^
ValueError: Cannot specify ',' with 's'.
D:\BACKUP\Complete Projects\kilimall_ecommerce\backend\ecommerce\admin.py changed, reloading.
Watching for file changes with StatReloader
D:\BACKUP\Complete Projects\kilimall_ecommerce\backend\ecommerce\admin.py changed, reloading.
Watching for file changes with StatReloader
Watching for file changes with StatReloader
